<?xml version="1.0" encoding="UTF-8"?>
<!-- Generated by org.testng.reporters.JUnitXMLReporter -->
<testsuite ignored="0" hostname="EPINHYDW0E3C" failures="1" tests="4" name="running all features file" time="30.587" errors="0" timestamp="2022-08-12T17:34:26 IST">
  <testcase classname="io.cucumber.testng.AbstractTestNGCucumberTests" name="runScenario" time="8.75"/>
  <testcase classname="io.cucumber.testng.AbstractTestNGCucumberTests" name="runScenario" time="5.186">
    <failure type="java.lang.AssertionError" message="null">
      <![CDATA[java.lang.AssertionError: null
at com.swaglabs.stepdefs.LoginSteps.user_should_be_redirected_to_products_page(LoginSteps.java:46)
at ✽.user should be redirected to products page(file:///C:/Users/Sujoy_Nandi/IdeaProjects/swaglabs-automation/src/test/resources/features/login.feature:9)
... Removed 2 stack frames]]>
    </failure>
  </testcase> <!-- runScenario -->
  <testcase classname="io.cucumber.testng.AbstractTestNGCucumberTests" name="runScenario" time="5.004"/>
  <testcase classname="io.cucumber.testng.AbstractTestNGCucumberTests" name="runScenario" time="5.522"/>
</testsuite> <!-- running all features file -->
