-------------------------------------------------------------------------------
Test set: TestSuite
-------------------------------------------------------------------------------
Tests run: 4, Failures: 1, Errors: 0, Skipped: 0, Time elapsed: 31.164 s <<< FAILURE! - in TestSuite
com.swaglabs.runner.TestNGRunner.runScenario["positive and negative login tests", "As a user, I want to test the login feature of SwagLabs with different credentials"](2)  Time elapsed: 5.186 s  <<< FAILURE!
java.lang.AssertionError: null
	at org.testng.Assert.fail(Assert.java:110)
	at org.testng.Assert.fail(Assert.java:115)
	at com.swaglabs.stepdefs.LoginSteps.user_should_be_redirected_to_products_page(LoginSteps.java:46)
	at ✽.user should be redirected to products page(file:///C:/Users/Sujoy_Nandi/IdeaProjects/swaglabs-automation/src/test/resources/features/login.feature:9)

