<?xml version="1.0" encoding="UTF-8"?>
<testng-results ignored="0" total="4" passed="3" failed="1" skipped="0">
  <reporter-output>
  </reporter-output>
  <suite started-at="2022-08-12T17:33:56 IST" name="SwagLabs Automation Test" finished-at="2022-08-12T17:34:26 IST" duration-ms="30587">
    <groups>
      <group name="cucumber">
        <method signature="AbstractTestNGCucumberTests.runScenario(io.cucumber.testng.PickleWrapper,io.cucumber.testng.FeatureWrapper)[pri:0, instance:com.swaglabs.runner.TestNGRunner@7283d3eb]" name="runScenario" class="io.cucumber.testng.AbstractTestNGCucumberTests"/>
      </group> <!-- cucumber -->
    </groups>
    <test started-at="2022-08-12T17:33:56 IST" name="running all features file" finished-at="2022-08-12T17:34:26 IST" duration-ms="30587">
      <class name="com.swaglabs.runner.TestNGRunner">
        <test-method is-config="true" signature="setUpClass(org.testng.ITestContext)[pri:0, instance:com.swaglabs.runner.TestNGRunner@7283d3eb]" started-at="2022-08-12T17:33:56 IST" name="setUpClass" finished-at="2022-08-12T17:33:56 IST" duration-ms="662" status="PASS">
          <params>
            <param index="0">
              <value>
                <![CDATA[org.testng.TestRunner@5bc40f5d]]>
              </value>
            </param>
          </params>
          <reporter-output>
          </reporter-output>
        </test-method> <!-- setUpClass -->
        <test-method signature="runScenario(io.cucumber.testng.PickleWrapper,io.cucumber.testng.FeatureWrapper)[pri:0, instance:com.swaglabs.runner.TestNGRunner@7283d3eb]" started-at="2022-08-12T17:33:56 IST" name="runScenario" description="Runs Cucumber Scenarios" data-provider="scenarios" finished-at="2022-08-12T17:34:05 IST" duration-ms="8750" status="PASS">
          <params>
            <param index="0">
              <value>
                <![CDATA["positive and negative login tests"]]>
              </value>
            </param>
            <param index="1">
              <value>
                <![CDATA["As a user, I want to test the login feature of SwagLabs with different credentials"]]>
              </value>
            </param>
          </params>
          <reporter-output>
          </reporter-output>
        </test-method> <!-- runScenario -->
        <test-method signature="runScenario(io.cucumber.testng.PickleWrapper,io.cucumber.testng.FeatureWrapper)[pri:0, instance:com.swaglabs.runner.TestNGRunner@7283d3eb]" started-at="2022-08-12T17:34:05 IST" name="runScenario" description="Runs Cucumber Scenarios" data-provider="scenarios" finished-at="2022-08-12T17:34:10 IST" duration-ms="5186" status="FAIL">
          <params>
            <param index="0">
              <value>
                <![CDATA["positive and negative login tests"]]>
              </value>
            </param>
            <param index="1">
              <value>
                <![CDATA["As a user, I want to test the login feature of SwagLabs with different credentials"]]>
              </value>
            </param>
          </params>
          <exception class="java.lang.AssertionError">
            <message>
              <![CDATA[null]]>
            </message>
            <full-stacktrace>
              <![CDATA[java.lang.AssertionError: null
at org.testng.Assert.fail(Assert.java:110)
at org.testng.Assert.fail(Assert.java:115)
at com.swaglabs.stepdefs.LoginSteps.user_should_be_redirected_to_products_page(LoginSteps.java:46)
at ✽.user should be redirected to products page(file:///C:/Users/Sujoy_Nandi/IdeaProjects/swaglabs-automation/src/test/resources/features/login.feature:9)
]]>
            </full-stacktrace>
          </exception> <!-- java.lang.AssertionError -->
          <reporter-output>
          </reporter-output>
        </test-method> <!-- runScenario -->
        <test-method signature="runScenario(io.cucumber.testng.PickleWrapper,io.cucumber.testng.FeatureWrapper)[pri:0, instance:com.swaglabs.runner.TestNGRunner@7283d3eb]" started-at="2022-08-12T17:34:10 IST" name="runScenario" description="Runs Cucumber Scenarios" data-provider="scenarios" finished-at="2022-08-12T17:34:15 IST" duration-ms="5004" status="PASS">
          <params>
            <param index="0">
              <value>
                <![CDATA["positive and negative login tests"]]>
              </value>
            </param>
            <param index="1">
              <value>
                <![CDATA["As a user, I want to test the login feature of SwagLabs with different credentials"]]>
              </value>
            </param>
          </params>
          <reporter-output>
          </reporter-output>
        </test-method> <!-- runScenario -->
        <test-method signature="runScenario(io.cucumber.testng.PickleWrapper,io.cucumber.testng.FeatureWrapper)[pri:0, instance:com.swaglabs.runner.TestNGRunner@7283d3eb]" started-at="2022-08-12T17:34:15 IST" name="runScenario" description="Runs Cucumber Scenarios" data-provider="scenarios" finished-at="2022-08-12T17:34:21 IST" duration-ms="5522" status="PASS">
          <params>
            <param index="0">
              <value>
                <![CDATA["add products to cart and checkout"]]>
              </value>
            </param>
            <param index="1">
              <value>
                <![CDATA["As a user, I want to test the workflow of buying products from"]]>
              </value>
            </param>
          </params>
          <reporter-output>
          </reporter-output>
        </test-method> <!-- runScenario -->
        <test-method is-config="true" signature="tearDownClass()[pri:0, instance:com.swaglabs.runner.TestNGRunner@7283d3eb]" started-at="2022-08-12T17:34:21 IST" name="tearDownClass" finished-at="2022-08-12T17:34:26 IST" duration-ms="5423" status="PASS">
          <reporter-output>
          </reporter-output>
        </test-method> <!-- tearDownClass -->
      </class> <!-- com.swaglabs.runner.TestNGRunner -->
    </test> <!-- running all features file -->
  </suite> <!-- SwagLabs Automation Test -->
</testng-results>
