<?xml version="1.0" encoding="UTF-8"?>
<!-- Generated by org.testng.reporters.JUnitReportReporter -->
<testsuite hostname="EPINHYDW0E3C" failures="1" tests="4" name="com.swaglabs.runner.TestNGRunner" time="24.462" errors="0" timestamp="2022-08-12T17:34:26 IST" skipped="0">
  <testcase classname="com.swaglabs.runner.TestNGRunner" name="runScenario" time="5.186">
    <failure message="null" type="java.lang.AssertionError">
      <![CDATA[java.lang.AssertionError: null
at org.testng.Assert.fail(Assert.java:110)
at org.testng.Assert.fail(Assert.java:115)
at com.swaglabs.stepdefs.LoginSteps.user_should_be_redirected_to_products_page(LoginSteps.java:46)
at ✽.user should be redirected to products page(file:///C:/Users/Sujoy_Nandi/IdeaProjects/swaglabs-automation/src/test/resources/features/login.feature:9)
]]>
    </failure>
  </testcase> <!-- runScenario -->
  <system-out/>
  <testcase classname="com.swaglabs.runner.TestNGRunner" name="runScenario" time="5.004"/>
  <system-out/>
  <testcase classname="com.swaglabs.runner.TestNGRunner" name="runScenario" time="5.522"/>
  <system-out/>
  <testcase classname="com.swaglabs.runner.TestNGRunner" name="runScenario" time="8.750"/>
  <system-out/>
</testsuite> <!-- com.swaglabs.runner.TestNGRunner -->
